e:\visual studio 2013\mfctransition\mfctransition\debug\mfctransition.pch
e:\visual studio 2013\mfctransition\mfctransition\debug\vc120.pdb
e:\visual studio 2013\mfctransition\mfctransition\debug\vc120.idb
e:\visual studio 2013\mfctransition\mfctransition\debug\stdafx.obj
e:\visual studio 2013\mfctransition\mfctransition\debug\clientsocket.obj
e:\visual studio 2013\mfctransition\mfctransition\debug\markup.obj
e:\visual studio 2013\mfctransition\mfctransition\debug\mfctransition.obj
e:\visual studio 2013\mfctransition\mfctransition\debug\mfctransitiondlg.obj
e:\visual studio 2013\mfctransition\mfctransition\debug\uiutil.obj
e:\visual studio 2013\mfctransition\debug\mfctransition.ilk
e:\visual studio 2013\mfctransition\debug\mfctransition.exe
e:\visual studio 2013\mfctransition\debug\mfctransition.pdb
e:\visual studio 2013\mfctransition\mfctransition\debug\mfctransition.res
e:\visual studio 2013\mfctransition\mfctransition\debug\mfctransition.tlog\cl.command.1.tlog
e:\visual studio 2013\mfctransition\mfctransition\debug\mfctransition.tlog\cl.read.1.tlog
e:\visual studio 2013\mfctransition\mfctransition\debug\mfctransition.tlog\cl.write.1.tlog
e:\visual studio 2013\mfctransition\mfctransition\debug\mfctransition.tlog\link.command.1.tlog
e:\visual studio 2013\mfctransition\mfctransition\debug\mfctransition.tlog\link.read.1.tlog
e:\visual studio 2013\mfctransition\mfctransition\debug\mfctransition.tlog\link.write.1.tlog
e:\visual studio 2013\mfctransition\mfctransition\debug\mfctransition.tlog\rc.command.1.tlog
e:\visual studio 2013\mfctransition\mfctransition\debug\mfctransition.tlog\rc.read.1.tlog
e:\visual studio 2013\mfctransition\mfctransition\debug\mfctransition.tlog\rc.write.1.tlog
